{"/home/cnassif/Documentos/Ignite_ReactNative/Projetos/ChapterII/gofinances/src/components/Form/Button/index.tsx": {"path":"/home/cnassif/Documentos/Ignite_ReactNative/Projetos/ChapterII/gofinances/src/components/Form/Button/index.tsx","statementMap":{"0":{"start":{"line":14,"column":4},"end":{"line":22,"column":6}}},"fnMap":{"0":{"name":"Button","decl":{"start":{"line":13,"column":16},"end":{"line":13,"column":22}},"loc":{"start":{"line":13,"column":59},"end":{"line":23,"column":1}},"line":13}},"branchMap":{},"s":{"0":4},"f":{"0":4},"b":{},"_coverageSchema":"1a1c01bbd47fc00a2c39e90264f33305004495a9","hash":"fa60517afa6008e5583078a8ef8787c870a529db"}
,"/home/cnassif/Documentos/Ignite_ReactNative/Projetos/ChapterII/gofinances/src/components/Form/CategorySelectButton/index.tsx": {"path":"/home/cnassif/Documentos/Ignite_ReactNative/Projetos/ChapterII/gofinances/src/components/Form/CategorySelectButton/index.tsx","statementMap":{"0":{"start":{"line":16,"column":4},"end":{"line":26,"column":6}}},"fnMap":{"0":{"name":"CategorySelectButton","decl":{"start":{"line":15,"column":16},"end":{"line":15,"column":36}},"loc":{"start":{"line":15,"column":72},"end":{"line":27,"column":1}},"line":15}},"branchMap":{},"s":{"0":2},"f":{"0":2},"b":{},"_coverageSchema":"1a1c01bbd47fc00a2c39e90264f33305004495a9","hash":"db845845cbb4ed4666ebfb7c7bd26d9143e91f8b"}
,"/home/cnassif/Documentos/Ignite_ReactNative/Projetos/ChapterII/gofinances/src/components/Form/Input/index.tsx": {"path":"/home/cnassif/Documentos/Ignite_ReactNative/Projetos/ChapterII/gofinances/src/components/Form/Input/index.tsx","statementMap":{"0":{"start":{"line":10,"column":4},"end":{"line":12,"column":6}}},"fnMap":{"0":{"name":"Input","decl":{"start":{"line":9,"column":16},"end":{"line":9,"column":21}},"loc":{"start":{"line":9,"column":42},"end":{"line":13,"column":1}},"line":9}},"branchMap":{},"s":{"0":5},"f":{"0":5},"b":{},"_coverageSchema":"1a1c01bbd47fc00a2c39e90264f33305004495a9","hash":"53b973a5aadbbb2d49ce07a9c80e4af38e76d9b4"}
,"/home/cnassif/Documentos/Ignite_ReactNative/Projetos/ChapterII/gofinances/src/components/Form/InputForm/index.tsx": {"path":"/home/cnassif/Documentos/Ignite_ReactNative/Projetos/ChapterII/gofinances/src/components/Form/InputForm/index.tsx","statementMap":{"0":{"start":{"line":24,"column":4},"end":{"line":43,"column":6}},"1":{"start":{"line":29,"column":20},"end":{"line":33,"column":22}}},"fnMap":{"0":{"name":"InputForm","decl":{"start":{"line":18,"column":16},"end":{"line":18,"column":25}},"loc":{"start":{"line":23,"column":10},"end":{"line":44,"column":1}},"line":23},"1":{"name":"(anonymous_1)","decl":{"start":{"line":28,"column":24},"end":{"line":28,"column":25}},"loc":{"start":{"line":29,"column":20},"end":{"line":33,"column":22}},"line":29}},"branchMap":{"0":{"loc":{"start":{"line":37,"column":13},"end":{"line":40,"column":24}},"type":"binary-expr","locations":[{"start":{"line":37,"column":13},"end":{"line":37,"column":18}},{"start":{"line":38,"column":16},"end":{"line":40,"column":24}}],"line":37}},"s":{"0":4,"1":4},"f":{"0":4,"1":4},"b":{"0":[4,0]},"_coverageSchema":"1a1c01bbd47fc00a2c39e90264f33305004495a9","hash":"03b3bd7fbd0c3f22b1d80c6bc76d4f948f09c415"}
,"/home/cnassif/Documentos/Ignite_ReactNative/Projetos/ChapterII/gofinances/src/components/Form/TransactionTypeButton/index.tsx": {"path":"/home/cnassif/Documentos/Ignite_ReactNative/Projetos/ChapterII/gofinances/src/components/Form/TransactionTypeButton/index.tsx","statementMap":{"0":{"start":{"line":13,"column":14},"end":{"line":16,"column":1}},"1":{"start":{"line":24,"column":4},"end":{"line":39,"column":6}}},"fnMap":{"0":{"name":"TransactionTypeButton","decl":{"start":{"line":23,"column":16},"end":{"line":23,"column":37}},"loc":{"start":{"line":23,"column":81},"end":{"line":40,"column":1}},"line":23}},"branchMap":{},"s":{"0":1,"1":4},"f":{"0":4},"b":{},"_coverageSchema":"1a1c01bbd47fc00a2c39e90264f33305004495a9","hash":"dc66d7de26f3f811d3a4f47e3e1d0f2f72182289"}
,"/home/cnassif/Documentos/Ignite_ReactNative/Projetos/ChapterII/gofinances/src/components/HighlightCard/index.tsx": {"path":"/home/cnassif/Documentos/Ignite_ReactNative/Projetos/ChapterII/gofinances/src/components/HighlightCard/index.tsx","statementMap":{"0":{"start":{"line":21,"column":13},"end":{"line":25,"column":1}},"1":{"start":{"line":33,"column":4},"end":{"line":56,"column":6}}},"fnMap":{"0":{"name":"HighlightCard","decl":{"start":{"line":27,"column":16},"end":{"line":27,"column":29}},"loc":{"start":{"line":32,"column":10},"end":{"line":57,"column":1}},"line":32}},"branchMap":{},"s":{"0":0,"1":0},"f":{"0":0},"b":{}}
,"/home/cnassif/Documentos/Ignite_ReactNative/Projetos/ChapterII/gofinances/src/components/HistoryCard/index.tsx": {"path":"/home/cnassif/Documentos/Ignite_ReactNative/Projetos/ChapterII/gofinances/src/components/HistoryCard/index.tsx","statementMap":{"0":{"start":{"line":17,"column":4},"end":{"line":22,"column":6}}},"fnMap":{"0":{"name":"HistoryCard","decl":{"start":{"line":16,"column":16},"end":{"line":16,"column":27}},"loc":{"start":{"line":16,"column":61},"end":{"line":23,"column":1}},"line":16}},"branchMap":{},"s":{"0":0},"f":{"0":0},"b":{}}
,"/home/cnassif/Documentos/Ignite_ReactNative/Projetos/ChapterII/gofinances/src/components/SignInSocialButton/index.tsx": {"path":"/home/cnassif/Documentos/Ignite_ReactNative/Projetos/ChapterII/gofinances/src/components/SignInSocialButton/index.tsx","statementMap":{"0":{"start":{"line":18,"column":4},"end":{"line":27,"column":6}}},"fnMap":{"0":{"name":"SignInSocialButton","decl":{"start":{"line":17,"column":16},"end":{"line":17,"column":34}},"loc":{"start":{"line":17,"column":72},"end":{"line":28,"column":1}},"line":17}},"branchMap":{},"s":{"0":0},"f":{"0":0},"b":{}}
,"/home/cnassif/Documentos/Ignite_ReactNative/Projetos/ChapterII/gofinances/src/components/TransactionCard/index.tsx": {"path":"/home/cnassif/Documentos/Ignite_ReactNative/Projetos/ChapterII/gofinances/src/components/TransactionCard/index.tsx","statementMap":{"0":{"start":{"line":34,"column":23},"end":{"line":36,"column":5}},"1":{"start":{"line":35,"column":16},"end":{"line":35,"column":42}},"2":{"start":{"line":38,"column":4},"end":{"line":58,"column":6}}},"fnMap":{"0":{"name":"TransactionCard","decl":{"start":{"line":32,"column":16},"end":{"line":32,"column":31}},"loc":{"start":{"line":32,"column":49},"end":{"line":59,"column":1}},"line":32},"1":{"name":"(anonymous_1)","decl":{"start":{"line":35,"column":8},"end":{"line":35,"column":9}},"loc":{"start":{"line":35,"column":16},"end":{"line":35,"column":42}},"line":35}},"branchMap":{"0":{"loc":{"start":{"line":45,"column":17},"end":{"line":45,"column":49}},"type":"binary-expr","locations":[{"start":{"line":45,"column":17},"end":{"line":45,"column":41}},{"start":{"line":45,"column":45},"end":{"line":45,"column":49}}],"line":45}},"s":{"0":0,"1":0,"2":0},"f":{"0":0,"1":0},"b":{"0":[0,0]}}
,"/home/cnassif/Documentos/Ignite_ReactNative/Projetos/ChapterII/gofinances/src/hooks/auth.tsx": {"path":"/home/cnassif/Documentos/Ignite_ReactNative/Projetos/ChapterII/gofinances/src/hooks/auth.tsx","statementMap":{"0":{"start":{"line":3,"column":22},"end":{"line":3,"column":33}},"1":{"start":{"line":4,"column":25},"end":{"line":4,"column":36}},"2":{"start":{"line":39,"column":20},"end":{"line":39,"column":57}},"3":{"start":{"line":43,"column":28},"end":{"line":43,"column":54}},"4":{"start":{"line":44,"column":56},"end":{"line":44,"column":70}},"5":{"start":{"line":46,"column":27},"end":{"line":46,"column":45}},"6":{"start":{"line":49,"column":8},"end":{"line":78,"column":9}},"7":{"start":{"line":51,"column":34},"end":{"line":51,"column":41}},"8":{"start":{"line":52,"column":26},"end":{"line":52,"column":52}},"9":{"start":{"line":54,"column":28},"end":{"line":54,"column":172}},"10":{"start":{"line":56,"column":37},"end":{"line":57,"column":65}},"11":{"start":{"line":59,"column":12},"end":{"line":73,"column":13}},"12":{"start":{"line":60,"column":33},"end":{"line":60,"column":138}},"13":{"start":{"line":61,"column":33},"end":{"line":61,"column":54}},"14":{"start":{"line":62,"column":35},"end":{"line":67,"column":17}},"15":{"start":{"line":68,"column":16},"end":{"line":68,"column":35}},"16":{"start":{"line":69,"column":16},"end":{"line":69,"column":87}},"17":{"start":{"line":71,"column":16},"end":{"line":71,"column":33}},"18":{"start":{"line":76,"column":12},"end":{"line":76,"column":45}},"19":{"start":{"line":82,"column":8},"end":{"line":107,"column":9}},"20":{"start":{"line":83,"column":31},"end":{"line":89,"column":14}},"21":{"start":{"line":91,"column":12},"end":{"line":103,"column":13}},"22":{"start":{"line":92,"column":29},"end":{"line":92,"column":60}},"23":{"start":{"line":93,"column":30},"end":{"line":93,"column":81}},"24":{"start":{"line":95,"column":35},"end":{"line":100,"column":17}},"25":{"start":{"line":101,"column":16},"end":{"line":101,"column":36}},"26":{"start":{"line":102,"column":16},"end":{"line":102,"column":87}},"27":{"start":{"line":105,"column":12},"end":{"line":105,"column":45}},"28":{"start":{"line":111,"column":8},"end":{"line":111,"column":28}},"29":{"start":{"line":112,"column":8},"end":{"line":112,"column":54}},"30":{"start":{"line":115,"column":4},"end":{"line":126,"column":10}},"31":{"start":{"line":117,"column":33},"end":{"line":117,"column":75}},"32":{"start":{"line":119,"column":12},"end":{"line":122,"column":13}},"33":{"start":{"line":120,"column":35},"end":{"line":120,"column":67}},"34":{"start":{"line":121,"column":16},"end":{"line":121,"column":36}},"35":{"start":{"line":123,"column":12},"end":{"line":123,"column":41}},"36":{"start":{"line":125,"column":8},"end":{"line":125,"column":30}},"37":{"start":{"line":128,"column":4},"end":{"line":132,"column":5}},"38":{"start":{"line":136,"column":20},"end":{"line":136,"column":43}},"39":{"start":{"line":138,"column":4},"end":{"line":138,"column":19}}},"fnMap":{"0":{"name":"AuthProvider","decl":{"start":{"line":41,"column":9},"end":{"line":41,"column":21}},"loc":{"start":{"line":41,"column":55},"end":{"line":133,"column":1}},"line":41},"1":{"name":"signInWithGoogle","decl":{"start":{"line":48,"column":19},"end":{"line":48,"column":35}},"loc":{"start":{"line":48,"column":38},"end":{"line":79,"column":5}},"line":48},"2":{"name":"signInWithApple","decl":{"start":{"line":81,"column":19},"end":{"line":81,"column":34}},"loc":{"start":{"line":81,"column":37},"end":{"line":108,"column":5}},"line":81},"3":{"name":"signOut","decl":{"start":{"line":110,"column":19},"end":{"line":110,"column":26}},"loc":{"start":{"line":110,"column":29},"end":{"line":113,"column":5}},"line":110},"4":{"name":"(anonymous_4)","decl":{"start":{"line":115,"column":14},"end":{"line":115,"column":15}},"loc":{"start":{"line":115,"column":20},"end":{"line":126,"column":5}},"line":115},"5":{"name":"loadUserStorageDate","decl":{"start":{"line":116,"column":23},"end":{"line":116,"column":42}},"loc":{"start":{"line":116,"column":45},"end":{"line":124,"column":9}},"line":116},"6":{"name":"useAuth","decl":{"start":{"line":135,"column":9},"end":{"line":135,"column":16}},"loc":{"start":{"line":135,"column":19},"end":{"line":139,"column":1}},"line":135}},"branchMap":{"0":{"loc":{"start":{"line":59,"column":12},"end":{"line":73,"column":13}},"type":"if","locations":[{"start":{"line":59,"column":12},"end":{"line":73,"column":13}},{"start":{"line":59,"column":12},"end":{"line":73,"column":13}}],"line":59},"1":{"loc":{"start":{"line":91,"column":12},"end":{"line":103,"column":13}},"type":"if","locations":[{"start":{"line":91,"column":12},"end":{"line":103,"column":13}},{"start":{"line":91,"column":12},"end":{"line":103,"column":13}}],"line":91},"2":{"loc":{"start":{"line":119,"column":12},"end":{"line":122,"column":13}},"type":"if","locations":[{"start":{"line":119,"column":12},"end":{"line":122,"column":13}},{"start":{"line":119,"column":12},"end":{"line":122,"column":13}}],"line":119}},"s":{"0":2,"1":2,"2":2,"3":5,"4":5,"5":5,"6":2,"7":2,"8":2,"9":2,"10":2,"11":2,"12":1,"13":1,"14":1,"15":1,"16":1,"17":1,"18":0,"19":0,"20":0,"21":0,"22":0,"23":0,"24":0,"25":0,"26":0,"27":0,"28":0,"29":0,"30":5,"31":2,"32":2,"33":0,"34":0,"35":2,"36":2,"37":5,"38":7,"39":7},"f":{"0":5,"1":2,"2":0,"3":0,"4":2,"5":2,"6":7},"b":{"0":[1,1],"1":[0,0],"2":[0,2]},"_coverageSchema":"1a1c01bbd47fc00a2c39e90264f33305004495a9","hash":"d97ced9a95037ec3c7b0f69fabb6f1668a8bada7"}
,"/home/cnassif/Documentos/Ignite_ReactNative/Projetos/ChapterII/gofinances/src/routes/app.routes.tsx": {"path":"/home/cnassif/Documentos/Ignite_ReactNative/Projetos/ChapterII/gofinances/src/routes/app.routes.tsx","statementMap":{"0":{"start":{"line":12,"column":30},"end":{"line":12,"column":56}},"1":{"start":{"line":16,"column":18},"end":{"line":16,"column":28}},"2":{"start":{"line":18,"column":4},"end":{"line":70,"column":5}},"3":{"start":{"line":35,"column":24},"end":{"line":39,"column":26}},"4":{"start":{"line":48,"column":24},"end":{"line":52,"column":26}},"5":{"start":{"line":61,"column":24},"end":{"line":65,"column":26}}},"fnMap":{"0":{"name":"AppRoutes","decl":{"start":{"line":14,"column":16},"end":{"line":14,"column":25}},"loc":{"start":{"line":14,"column":28},"end":{"line":71,"column":1}},"line":14},"1":{"name":"(anonymous_1)","decl":{"start":{"line":34,"column":33},"end":{"line":34,"column":34}},"loc":{"start":{"line":35,"column":24},"end":{"line":39,"column":26}},"line":35},"2":{"name":"(anonymous_2)","decl":{"start":{"line":47,"column":33},"end":{"line":47,"column":34}},"loc":{"start":{"line":48,"column":24},"end":{"line":52,"column":26}},"line":48},"3":{"name":"(anonymous_3)","decl":{"start":{"line":60,"column":33},"end":{"line":60,"column":34}},"loc":{"start":{"line":61,"column":24},"end":{"line":65,"column":26}},"line":61}},"branchMap":{"0":{"loc":{"start":{"line":25,"column":37},"end":{"line":25,"column":67}},"type":"cond-expr","locations":[{"start":{"line":25,"column":61},"end":{"line":25,"column":63}},{"start":{"line":25,"column":66},"end":{"line":25,"column":67}}],"line":25}},"s":{"0":0,"1":0,"2":0,"3":0,"4":0,"5":0},"f":{"0":0,"1":0,"2":0,"3":0},"b":{"0":[0,0]}}
,"/home/cnassif/Documentos/Ignite_ReactNative/Projetos/ChapterII/gofinances/src/routes/auth.routes.tsx": {"path":"/home/cnassif/Documentos/Ignite_ReactNative/Projetos/ChapterII/gofinances/src/routes/auth.routes.tsx","statementMap":{"0":{"start":{"line":6,"column":30},"end":{"line":6,"column":52}},"1":{"start":{"line":9,"column":4},"end":{"line":17,"column":5}}},"fnMap":{"0":{"name":"AuthRoutes","decl":{"start":{"line":8,"column":16},"end":{"line":8,"column":26}},"loc":{"start":{"line":8,"column":29},"end":{"line":18,"column":1}},"line":8}},"branchMap":{},"s":{"0":0,"1":0},"f":{"0":0},"b":{}}
,"/home/cnassif/Documentos/Ignite_ReactNative/Projetos/ChapterII/gofinances/src/routes/index.tsx": {"path":"/home/cnassif/Documentos/Ignite_ReactNative/Projetos/ChapterII/gofinances/src/routes/index.tsx","statementMap":{"0":{"start":{"line":11,"column":21},"end":{"line":11,"column":30}},"1":{"start":{"line":13,"column":4},"end":{"line":17,"column":5}}},"fnMap":{"0":{"name":"Routes","decl":{"start":{"line":9,"column":16},"end":{"line":9,"column":22}},"loc":{"start":{"line":9,"column":25},"end":{"line":18,"column":1}},"line":9}},"branchMap":{"0":{"loc":{"start":{"line":15,"column":13},"end":{"line":15,"column":53}},"type":"cond-expr","locations":[{"start":{"line":15,"column":23},"end":{"line":15,"column":36}},{"start":{"line":15,"column":39},"end":{"line":15,"column":53}}],"line":15}},"s":{"0":0,"1":0},"f":{"0":0},"b":{"0":[0,0]}}
,"/home/cnassif/Documentos/Ignite_ReactNative/Projetos/ChapterII/gofinances/src/screens/CategorySelect/index.tsx": {"path":"/home/cnassif/Documentos/Ignite_ReactNative/Projetos/ChapterII/gofinances/src/screens/CategorySelect/index.tsx","statementMap":{"0":{"start":{"line":37,"column":8},"end":{"line":37,"column":30}},"1":{"start":{"line":40,"column":4},"end":{"line":68,"column":6}},"2":{"start":{"line":48,"column":40},"end":{"line":48,"column":48}},"3":{"start":{"line":50,"column":20},"end":{"line":56,"column":31}},"4":{"start":{"line":51,"column":39},"end":{"line":51,"column":65}},"5":{"start":{"line":58,"column":46},"end":{"line":58,"column":59}}},"fnMap":{"0":{"name":"CategorySelect","decl":{"start":{"line":30,"column":16},"end":{"line":30,"column":30}},"loc":{"start":{"line":34,"column":10},"end":{"line":69,"column":1}},"line":34},"1":{"name":"handleCategorySelect","decl":{"start":{"line":36,"column":13},"end":{"line":36,"column":33}},"loc":{"start":{"line":36,"column":54},"end":{"line":38,"column":5}},"line":36},"2":{"name":"(anonymous_2)","decl":{"start":{"line":48,"column":30},"end":{"line":48,"column":31}},"loc":{"start":{"line":48,"column":40},"end":{"line":48,"column":48}},"line":48},"3":{"name":"(anonymous_3)","decl":{"start":{"line":49,"column":28},"end":{"line":49,"column":29}},"loc":{"start":{"line":50,"column":20},"end":{"line":56,"column":31}},"line":50},"4":{"name":"(anonymous_4)","decl":{"start":{"line":51,"column":33},"end":{"line":51,"column":34}},"loc":{"start":{"line":51,"column":39},"end":{"line":51,"column":65}},"line":51},"5":{"name":"(anonymous_5)","decl":{"start":{"line":58,"column":40},"end":{"line":58,"column":41}},"loc":{"start":{"line":58,"column":46},"end":{"line":58,"column":59}},"line":58}},"branchMap":{},"s":{"0":0,"1":2,"2":12,"3":12,"4":0,"5":10},"f":{"0":2,"1":0,"2":12,"3":12,"4":0,"5":10},"b":{},"_coverageSchema":"1a1c01bbd47fc00a2c39e90264f33305004495a9","hash":"8858f53373d08d6acd28f767be2391ee8e2b859f"}
,"/home/cnassif/Documentos/Ignite_ReactNative/Projetos/ChapterII/gofinances/src/screens/DashBoard/index.tsx": {"path":"/home/cnassif/Documentos/Ignite_ReactNative/Projetos/ChapterII/gofinances/src/screens/DashBoard/index.tsx","statementMap":{"0":{"start":{"line":56,"column":38},"end":{"line":56,"column":52}},"1":{"start":{"line":58,"column":44},"end":{"line":58,"column":73}},"2":{"start":{"line":60,"column":46},"end":{"line":60,"column":90}},"3":{"start":{"line":62,"column":18},"end":{"line":62,"column":28}},"4":{"start":{"line":64,"column":30},"end":{"line":64,"column":39}},"5":{"start":{"line":69,"column":36},"end":{"line":70,"column":61}},"6":{"start":{"line":70,"column":35},"end":{"line":70,"column":60}},"7":{"start":{"line":72,"column":8},"end":{"line":73,"column":21}},"8":{"start":{"line":73,"column":12},"end":{"line":73,"column":21}},"9":{"start":{"line":76,"column":32},"end":{"line":77,"column":71}},"10":{"start":{"line":77,"column":32},"end":{"line":77,"column":68}},"11":{"start":{"line":79,"column":8},"end":{"line":79,"column":111}},"12":{"start":{"line":86,"column":24},"end":{"line":86,"column":66}},"13":{"start":{"line":88,"column":25},"end":{"line":88,"column":60}},"14":{"start":{"line":90,"column":28},"end":{"line":90,"column":64}},"15":{"start":{"line":92,"column":27},"end":{"line":92,"column":28}},"16":{"start":{"line":93,"column":29},"end":{"line":93,"column":30}},"17":{"start":{"line":96,"column":54},"end":{"line":127,"column":14}},"18":{"start":{"line":99,"column":16},"end":{"line":103,"column":17}},"19":{"start":{"line":100,"column":20},"end":{"line":100,"column":56}},"20":{"start":{"line":102,"column":20},"end":{"line":102,"column":58}},"21":{"start":{"line":105,"column":31},"end":{"line":108,"column":18}},"22":{"start":{"line":111,"column":29},"end":{"line":115,"column":46}},"23":{"start":{"line":117,"column":16},"end":{"line":124,"column":17}},"24":{"start":{"line":129,"column":8},"end":{"line":129,"column":46}},"25":{"start":{"line":131,"column":39},"end":{"line":131,"column":82}},"26":{"start":{"line":132,"column":42},"end":{"line":132,"column":85}},"27":{"start":{"line":134,"column":30},"end":{"line":137,"column":49}},"28":{"start":{"line":140,"column":22},"end":{"line":140,"column":51}},"29":{"start":{"line":143,"column":8},"end":{"line":172,"column":10}},"30":{"start":{"line":173,"column":8},"end":{"line":173,"column":28}},"31":{"start":{"line":176,"column":4},"end":{"line":184,"column":11}},"32":{"start":{"line":181,"column":8},"end":{"line":181,"column":26}},"33":{"start":{"line":186,"column":4},"end":{"line":188,"column":11}},"34":{"start":{"line":187,"column":8},"end":{"line":187,"column":27}},"35":{"start":{"line":190,"column":4},"end":{"line":263,"column":6}},"36":{"start":{"line":250,"column":54},"end":{"line":250,"column":61}},"37":{"start":{"line":252,"column":36},"end":{"line":254,"column":38}}},"fnMap":{"0":{"name":"DashBoard","decl":{"start":{"line":54,"column":16},"end":{"line":54,"column":25}},"loc":{"start":{"line":54,"column":28},"end":{"line":264,"column":1}},"line":54},"1":{"name":"getLastTransaction","decl":{"start":{"line":66,"column":13},"end":{"line":66,"column":31}},"loc":{"start":{"line":67,"column":39},"end":{"line":82,"column":5}},"line":67},"2":{"name":"(anonymous_2)","decl":{"start":{"line":70,"column":20},"end":{"line":70,"column":21}},"loc":{"start":{"line":70,"column":35},"end":{"line":70,"column":60}},"line":70},"3":{"name":"(anonymous_3)","decl":{"start":{"line":77,"column":17},"end":{"line":77,"column":18}},"loc":{"start":{"line":77,"column":32},"end":{"line":77,"column":68}},"line":77},"4":{"name":"loadTransactions","decl":{"start":{"line":84,"column":19},"end":{"line":84,"column":35}},"loc":{"start":{"line":84,"column":38},"end":{"line":174,"column":5}},"line":84},"5":{"name":"(anonymous_5)","decl":{"start":{"line":97,"column":17},"end":{"line":97,"column":18}},"loc":{"start":{"line":97,"column":42},"end":{"line":127,"column":13}},"line":97},"6":{"name":"(anonymous_6)","decl":{"start":{"line":176,"column":14},"end":{"line":176,"column":15}},"loc":{"start":{"line":176,"column":20},"end":{"line":184,"column":5}},"line":176},"7":{"name":"(anonymous_7)","decl":{"start":{"line":186,"column":31},"end":{"line":186,"column":32}},"loc":{"start":{"line":186,"column":37},"end":{"line":188,"column":5}},"line":186},"8":{"name":"(anonymous_8)","decl":{"start":{"line":250,"column":46},"end":{"line":250,"column":47}},"loc":{"start":{"line":250,"column":54},"end":{"line":250,"column":61}},"line":250},"9":{"name":"(anonymous_9)","decl":{"start":{"line":251,"column":44},"end":{"line":251,"column":45}},"loc":{"start":{"line":252,"column":36},"end":{"line":254,"column":38}},"line":252}},"branchMap":{"0":{"loc":{"start":{"line":72,"column":8},"end":{"line":73,"column":21}},"type":"if","locations":[{"start":{"line":72,"column":8},"end":{"line":73,"column":21}},{"start":{"line":72,"column":8},"end":{"line":73,"column":21}}],"line":72},"1":{"loc":{"start":{"line":90,"column":28},"end":{"line":90,"column":64}},"type":"cond-expr","locations":[{"start":{"line":90,"column":39},"end":{"line":90,"column":59}},{"start":{"line":90,"column":62},"end":{"line":90,"column":64}}],"line":90},"2":{"loc":{"start":{"line":99,"column":16},"end":{"line":103,"column":17}},"type":"if","locations":[{"start":{"line":99,"column":16},"end":{"line":103,"column":17}},{"start":{"line":99,"column":16},"end":{"line":103,"column":17}}],"line":99},"3":{"loc":{"start":{"line":134,"column":30},"end":{"line":137,"column":49}},"type":"cond-expr","locations":[{"start":{"line":136,"column":12},"end":{"line":136,"column":31}},{"start":{"line":137,"column":14},"end":{"line":137,"column":49}}],"line":134},"4":{"loc":{"start":{"line":149,"column":33},"end":{"line":152,"column":68}},"type":"cond-expr","locations":[{"start":{"line":151,"column":20},"end":{"line":151,"column":39}},{"start":{"line":152,"column":22},"end":{"line":152,"column":68}}],"line":149},"5":{"loc":{"start":{"line":159,"column":33},"end":{"line":162,"column":69}},"type":"cond-expr","locations":[{"start":{"line":161,"column":20},"end":{"line":161,"column":39}},{"start":{"line":162,"column":22},"end":{"line":162,"column":69}}],"line":159},"6":{"loc":{"start":{"line":193,"column":16},"end":{"line":260,"column":23}},"type":"cond-expr","locations":[{"start":{"line":194,"column":20},"end":{"line":200,"column":36}},{"start":{"line":202,"column":20},"end":{"line":260,"column":23}}],"line":193}},"s":{"0":0,"1":0,"2":0,"3":0,"4":0,"5":0,"6":0,"7":0,"8":0,"9":0,"10":0,"11":0,"12":0,"13":0,"14":0,"15":0,"16":0,"17":0,"18":0,"19":0,"20":0,"21":0,"22":0,"23":0,"24":0,"25":0,"26":0,"27":0,"28":0,"29":0,"30":0,"31":0,"32":0,"33":0,"34":0,"35":0,"36":0,"37":0},"f":{"0":0,"1":0,"2":0,"3":0,"4":0,"5":0,"6":0,"7":0,"8":0,"9":0},"b":{"0":[0,0],"1":[0,0],"2":[0,0],"3":[0,0],"4":[0,0],"5":[0,0],"6":[0,0]}}
,"/home/cnassif/Documentos/Ignite_ReactNative/Projetos/ChapterII/gofinances/src/screens/Register/index.tsx": {"path":"/home/cnassif/Documentos/Ignite_ReactNative/Projetos/ChapterII/gofinances/src/screens/Register/index.tsx","statementMap":{"0":{"start":{"line":42,"column":15},"end":{"line":51,"column":2}},"1":{"start":{"line":55,"column":50},"end":{"line":55,"column":62}},"2":{"start":{"line":57,"column":54},"end":{"line":57,"column":69}},"3":{"start":{"line":59,"column":21},"end":{"line":59,"column":30}},"4":{"start":{"line":61,"column":36},"end":{"line":65,"column":6}},"5":{"start":{"line":67,"column":23},"end":{"line":67,"column":38}},"6":{"start":{"line":76,"column":8},"end":{"line":78,"column":6}},"7":{"start":{"line":81,"column":8},"end":{"line":81,"column":32}},"8":{"start":{"line":86,"column":8},"end":{"line":86,"column":34}},"9":{"start":{"line":91,"column":8},"end":{"line":91,"column":35}},"10":{"start":{"line":96,"column":8},"end":{"line":97,"column":64}},"11":{"start":{"line":97,"column":12},"end":{"line":97,"column":64}},"12":{"start":{"line":99,"column":8},"end":{"line":100,"column":64}},"13":{"start":{"line":100,"column":12},"end":{"line":100,"column":64}},"14":{"start":{"line":103,"column":31},"end":{"line":110,"column":9}},"15":{"start":{"line":112,"column":8},"end":{"line":136,"column":9}},"16":{"start":{"line":113,"column":28},"end":{"line":113,"column":70}},"17":{"start":{"line":114,"column":25},"end":{"line":114,"column":60}},"18":{"start":{"line":115,"column":32},"end":{"line":115,"column":60}},"19":{"start":{"line":117,"column":34},"end":{"line":120,"column":13}},"20":{"start":{"line":122,"column":12},"end":{"line":122,"column":79}},"21":{"start":{"line":124,"column":12},"end":{"line":124,"column":20}},"22":{"start":{"line":125,"column":12},"end":{"line":125,"column":35}},"23":{"start":{"line":126,"column":12},"end":{"line":130,"column":15}},"24":{"start":{"line":131,"column":12},"end":{"line":131,"column":44}},"25":{"start":{"line":134,"column":12},"end":{"line":134,"column":31}},"26":{"start":{"line":135,"column":12},"end":{"line":135,"column":51}},"27":{"start":{"line":143,"column":4},"end":{"line":207,"column":6}},"28":{"start":{"line":173,"column":47},"end":{"line":173,"column":80}},"29":{"start":{"line":179,"column":47},"end":{"line":179,"column":80}}},"fnMap":{"0":{"name":"Register","decl":{"start":{"line":53,"column":16},"end":{"line":53,"column":24}},"loc":{"start":{"line":53,"column":27},"end":{"line":208,"column":1}},"line":53},"1":{"name":"handleTransactionType","decl":{"start":{"line":80,"column":13},"end":{"line":80,"column":34}},"loc":{"start":{"line":80,"column":66},"end":{"line":82,"column":5}},"line":80},"2":{"name":"handleOpenSelectCategoryModal","decl":{"start":{"line":85,"column":13},"end":{"line":85,"column":42}},"loc":{"start":{"line":85,"column":45},"end":{"line":87,"column":5}},"line":85},"3":{"name":"handleCloseSelectCategoryModal","decl":{"start":{"line":89,"column":13},"end":{"line":89,"column":43}},"loc":{"start":{"line":89,"column":46},"end":{"line":92,"column":5}},"line":89},"4":{"name":"handleRegister","decl":{"start":{"line":94,"column":19},"end":{"line":94,"column":33}},"loc":{"start":{"line":94,"column":50},"end":{"line":138,"column":5}},"line":94},"5":{"name":"(anonymous_5)","decl":{"start":{"line":173,"column":41},"end":{"line":173,"column":42}},"loc":{"start":{"line":173,"column":47},"end":{"line":173,"column":80}},"line":173},"6":{"name":"(anonymous_6)","decl":{"start":{"line":179,"column":41},"end":{"line":179,"column":42}},"loc":{"start":{"line":179,"column":47},"end":{"line":179,"column":80}},"line":179}},"branchMap":{"0":{"loc":{"start":{"line":96,"column":8},"end":{"line":97,"column":64}},"type":"if","locations":[{"start":{"line":96,"column":8},"end":{"line":97,"column":64}},{"start":{"line":96,"column":8},"end":{"line":97,"column":64}}],"line":96},"1":{"loc":{"start":{"line":99,"column":8},"end":{"line":100,"column":64}},"type":"if","locations":[{"start":{"line":99,"column":8},"end":{"line":100,"column":64}},{"start":{"line":99,"column":8},"end":{"line":100,"column":64}}],"line":99},"2":{"loc":{"start":{"line":115,"column":32},"end":{"line":115,"column":60}},"type":"cond-expr","locations":[{"start":{"line":115,"column":39},"end":{"line":115,"column":55}},{"start":{"line":115,"column":58},"end":{"line":115,"column":60}}],"line":115},"3":{"loc":{"start":{"line":159,"column":35},"end":{"line":159,"column":69}},"type":"binary-expr","locations":[{"start":{"line":159,"column":35},"end":{"line":159,"column":46}},{"start":{"line":159,"column":50},"end":{"line":159,"column":69}}],"line":159},"4":{"loc":{"start":{"line":166,"column":35},"end":{"line":166,"column":73}},"type":"binary-expr","locations":[{"start":{"line":166,"column":35},"end":{"line":166,"column":48}},{"start":{"line":166,"column":52},"end":{"line":166,"column":73}}],"line":166}},"s":{"0":1,"1":2,"2":2,"3":2,"4":2,"5":2,"6":2,"7":0,"8":1,"9":0,"10":0,"11":0,"12":0,"13":0,"14":0,"15":0,"16":0,"17":0,"18":0,"19":0,"20":0,"21":0,"22":0,"23":0,"24":0,"25":0,"26":0,"27":2,"28":0,"29":0},"f":{"0":2,"1":0,"2":1,"3":0,"4":0,"5":0,"6":0},"b":{"0":[0,0],"1":[0,0],"2":[0,0],"3":[2,0],"4":[2,0]},"_coverageSchema":"1a1c01bbd47fc00a2c39e90264f33305004495a9","hash":"174a343b76a3dfa7a2f27dba1f4bbdff8c9e7683"}
,"/home/cnassif/Documentos/Ignite_ReactNative/Projetos/ChapterII/gofinances/src/screens/Resume/index.tsx": {"path":"/home/cnassif/Documentos/Ignite_ReactNative/Projetos/ChapterII/gofinances/src/screens/Resume/index.tsx","statementMap":{"0":{"start":{"line":56,"column":38},"end":{"line":56,"column":53}},"1":{"start":{"line":57,"column":54},"end":{"line":57,"column":82}},"2":{"start":{"line":58,"column":44},"end":{"line":58,"column":64}},"3":{"start":{"line":60,"column":18},"end":{"line":60,"column":28}},"4":{"start":{"line":62,"column":21},"end":{"line":62,"column":30}},"5":{"start":{"line":66,"column":8},"end":{"line":73,"column":9}},"6":{"start":{"line":67,"column":28},"end":{"line":67,"column":54}},"7":{"start":{"line":68,"column":12},"end":{"line":68,"column":37}},"8":{"start":{"line":71,"column":28},"end":{"line":71,"column":54}},"9":{"start":{"line":72,"column":12},"end":{"line":72,"column":37}},"10":{"start":{"line":77,"column":8},"end":{"line":77,"column":27}},"11":{"start":{"line":78,"column":24},"end":{"line":78,"column":66}},"12":{"start":{"line":79,"column":25},"end":{"line":79,"column":60}},"13":{"start":{"line":80,"column":34},"end":{"line":80,"column":70}},"14":{"start":{"line":82,"column":27},"end":{"line":87,"column":13}},"15":{"start":{"line":84,"column":16},"end":{"line":86,"column":85}},"16":{"start":{"line":89,"column":32},"end":{"line":91,"column":13}},"17":{"start":{"line":90,"column":12},"end":{"line":90,"column":58}},"18":{"start":{"line":93,"column":48},"end":{"line":93,"column":50}},"19":{"start":{"line":95,"column":8},"end":{"line":121,"column":10}},"20":{"start":{"line":96,"column":30},"end":{"line":96,"column":31}},"21":{"start":{"line":98,"column":12},"end":{"line":102,"column":15}},"22":{"start":{"line":99,"column":16},"end":{"line":101,"column":17}},"23":{"start":{"line":100,"column":20},"end":{"line":100,"column":60}},"24":{"start":{"line":103,"column":12},"end":{"line":119,"column":13}},"25":{"start":{"line":104,"column":39},"end":{"line":107,"column":18}},"26":{"start":{"line":109,"column":32},"end":{"line":109,"column":86}},"27":{"start":{"line":111,"column":16},"end":{"line":118,"column":18}},"28":{"start":{"line":122,"column":8},"end":{"line":122,"column":45}},"29":{"start":{"line":123,"column":8},"end":{"line":123,"column":28}},"30":{"start":{"line":128,"column":4},"end":{"line":130,"column":23}},"31":{"start":{"line":129,"column":8},"end":{"line":129,"column":19}},"32":{"start":{"line":133,"column":4},"end":{"line":211,"column":6}},"33":{"start":{"line":162,"column":47},"end":{"line":162,"column":71}},"34":{"start":{"line":172,"column":47},"end":{"line":172,"column":71}},"35":{"start":{"line":184,"column":78},"end":{"line":184,"column":92}},"36":{"start":{"line":199,"column":32},"end":{"line":204,"column":34}}},"fnMap":{"0":{"name":"Resume","decl":{"start":{"line":54,"column":16},"end":{"line":54,"column":22}},"loc":{"start":{"line":54,"column":25},"end":{"line":212,"column":1}},"line":54},"1":{"name":"handleDateChange","decl":{"start":{"line":64,"column":13},"end":{"line":64,"column":29}},"loc":{"start":{"line":64,"column":55},"end":{"line":74,"column":5}},"line":64},"2":{"name":"loadData","decl":{"start":{"line":76,"column":19},"end":{"line":76,"column":27}},"loc":{"start":{"line":76,"column":30},"end":{"line":124,"column":5}},"line":76},"3":{"name":"(anonymous_3)","decl":{"start":{"line":83,"column":20},"end":{"line":83,"column":21}},"loc":{"start":{"line":84,"column":16},"end":{"line":86,"column":85}},"line":84},"4":{"name":"(anonymous_4)","decl":{"start":{"line":89,"column":50},"end":{"line":89,"column":51}},"loc":{"start":{"line":89,"column":103},"end":{"line":91,"column":9}},"line":89},"5":{"name":"(anonymous_5)","decl":{"start":{"line":95,"column":27},"end":{"line":95,"column":28}},"loc":{"start":{"line":95,"column":39},"end":{"line":121,"column":9}},"line":95},"6":{"name":"(anonymous_6)","decl":{"start":{"line":98,"column":31},"end":{"line":98,"column":32}},"loc":{"start":{"line":98,"column":63},"end":{"line":102,"column":13}},"line":98},"7":{"name":"(anonymous_7)","decl":{"start":{"line":128,"column":31},"end":{"line":128,"column":32}},"loc":{"start":{"line":128,"column":37},"end":{"line":130,"column":5}},"line":128},"8":{"name":"(anonymous_8)","decl":{"start":{"line":162,"column":41},"end":{"line":162,"column":42}},"loc":{"start":{"line":162,"column":47},"end":{"line":162,"column":71}},"line":162},"9":{"name":"(anonymous_9)","decl":{"start":{"line":172,"column":41},"end":{"line":172,"column":42}},"loc":{"start":{"line":172,"column":47},"end":{"line":172,"column":71}},"line":172},"10":{"name":"(anonymous_10)","decl":{"start":{"line":184,"column":66},"end":{"line":184,"column":67}},"loc":{"start":{"line":184,"column":78},"end":{"line":184,"column":92}},"line":184},"11":{"name":"(anonymous_11)","decl":{"start":{"line":198,"column":50},"end":{"line":198,"column":51}},"loc":{"start":{"line":199,"column":32},"end":{"line":204,"column":34}},"line":199}},"branchMap":{"0":{"loc":{"start":{"line":66,"column":8},"end":{"line":73,"column":9}},"type":"if","locations":[{"start":{"line":66,"column":8},"end":{"line":73,"column":9}},{"start":{"line":66,"column":8},"end":{"line":73,"column":9}}],"line":66},"1":{"loc":{"start":{"line":80,"column":34},"end":{"line":80,"column":70}},"type":"cond-expr","locations":[{"start":{"line":80,"column":45},"end":{"line":80,"column":65}},{"start":{"line":80,"column":68},"end":{"line":80,"column":70}}],"line":80},"2":{"loc":{"start":{"line":84,"column":16},"end":{"line":86,"column":85}},"type":"binary-expr","locations":[{"start":{"line":84,"column":16},"end":{"line":84,"column":45}},{"start":{"line":85,"column":16},"end":{"line":85,"column":79}},{"start":{"line":86,"column":16},"end":{"line":86,"column":85}}],"line":84},"3":{"loc":{"start":{"line":99,"column":16},"end":{"line":101,"column":17}},"type":"if","locations":[{"start":{"line":99,"column":16},"end":{"line":101,"column":17}},{"start":{"line":99,"column":16},"end":{"line":101,"column":17}}],"line":99},"4":{"loc":{"start":{"line":103,"column":12},"end":{"line":119,"column":13}},"type":"if","locations":[{"start":{"line":103,"column":12},"end":{"line":119,"column":13}},{"start":{"line":103,"column":12},"end":{"line":119,"column":13}}],"line":103},"5":{"loc":{"start":{"line":143,"column":16},"end":{"line":207,"column":30}},"type":"cond-expr","locations":[{"start":{"line":144,"column":20},"end":{"line":150,"column":36}},{"start":{"line":152,"column":20},"end":{"line":207,"column":30}}],"line":143}},"s":{"0":0,"1":0,"2":0,"3":0,"4":0,"5":0,"6":0,"7":0,"8":0,"9":0,"10":0,"11":0,"12":0,"13":0,"14":0,"15":0,"16":0,"17":0,"18":0,"19":0,"20":0,"21":0,"22":0,"23":0,"24":0,"25":0,"26":0,"27":0,"28":0,"29":0,"30":0,"31":0,"32":0,"33":0,"34":0,"35":0,"36":0},"f":{"0":0,"1":0,"2":0,"3":0,"4":0,"5":0,"6":0,"7":0,"8":0,"9":0,"10":0,"11":0},"b":{"0":[0,0],"1":[0,0],"2":[0,0,0],"3":[0,0],"4":[0,0],"5":[0,0]}}
,"/home/cnassif/Documentos/Ignite_ReactNative/Projetos/ChapterII/gofinances/src/screens/SignIn/index.tsx": {"path":"/home/cnassif/Documentos/Ignite_ReactNative/Projetos/ChapterII/gofinances/src/screens/SignIn/index.tsx","statementMap":{"0":{"start":{"line":29,"column":38},"end":{"line":29,"column":53}},"1":{"start":{"line":30,"column":50},"end":{"line":30,"column":59}},"2":{"start":{"line":32,"column":18},"end":{"line":32,"column":28}},"3":{"start":{"line":36,"column":8},"end":{"line":43,"column":9}},"4":{"start":{"line":37,"column":12},"end":{"line":37,"column":31}},"5":{"start":{"line":38,"column":12},"end":{"line":38,"column":44}},"6":{"start":{"line":40,"column":12},"end":{"line":40,"column":30}},"7":{"start":{"line":41,"column":12},"end":{"line":41,"column":67}},"8":{"start":{"line":42,"column":12},"end":{"line":42,"column":32}},"9":{"start":{"line":48,"column":8},"end":{"line":55,"column":9}},"10":{"start":{"line":49,"column":12},"end":{"line":49,"column":31}},"11":{"start":{"line":50,"column":12},"end":{"line":50,"column":43}},"12":{"start":{"line":52,"column":12},"end":{"line":52,"column":30}},"13":{"start":{"line":53,"column":12},"end":{"line":53,"column":66}},"14":{"start":{"line":54,"column":12},"end":{"line":54,"column":32}},"15":{"start":{"line":58,"column":4},"end":{"line":100,"column":6}}},"fnMap":{"0":{"name":"SignIn","decl":{"start":{"line":26,"column":16},"end":{"line":26,"column":22}},"loc":{"start":{"line":26,"column":25},"end":{"line":101,"column":1}},"line":26},"1":{"name":"handleSignInWithGoogle","decl":{"start":{"line":34,"column":19},"end":{"line":34,"column":41}},"loc":{"start":{"line":34,"column":44},"end":{"line":44,"column":5}},"line":34},"2":{"name":"handleSignInWithApple","decl":{"start":{"line":46,"column":19},"end":{"line":46,"column":40}},"loc":{"start":{"line":46,"column":43},"end":{"line":56,"column":5}},"line":46}},"branchMap":{"0":{"loc":{"start":{"line":85,"column":24},"end":{"line":90,"column":26}},"type":"binary-expr","locations":[{"start":{"line":85,"column":24},"end":{"line":85,"column":45}},{"start":{"line":86,"column":24},"end":{"line":90,"column":26}}],"line":85},"1":{"loc":{"start":{"line":94,"column":17},"end":{"line":97,"column":18}},"type":"binary-expr","locations":[{"start":{"line":94,"column":17},"end":{"line":94,"column":26}},{"start":{"line":94,"column":30},"end":{"line":97,"column":18}}],"line":94}},"s":{"0":0,"1":0,"2":0,"3":0,"4":0,"5":0,"6":0,"7":0,"8":0,"9":0,"10":0,"11":0,"12":0,"13":0,"14":0,"15":0},"f":{"0":0,"1":0,"2":0},"b":{"0":[0,0],"1":[0,0]}}
}
